2.54629 -1.37631 -4.31578 5.19652 
4.53612 -9.94574 -11.7377 16.0396 
1.66984 -1.16083 -0.177147 2.04139 
5.38462 -13.086 -15.5204 21.0028 
3.07396 -3.52945 -4.25814 6.32756 
-17.2108 29.0983 36.0091 49.3921 
# end
14.8574 -28.1309 -34.5138 46.9393 
-0.733828 0.462836 0.107075 0.874177 
1.47887 0.790616 -0.148441 1.6835 
1.24615 -1.60845 -0.696064 2.15047 
-16.8486 28.4859 35.2513 48.3526 
# end
7.24361 -11.5308 -14.5096 19.8987 
1.03963 0.453573 -0.232975 1.15794 
0.0114905 -1.98847 -3.08942 3.67405 
5.1998 -2.57215 -4.44517 7.30845 
-1.10855 0.0257222 0.961699 1.46779 
3.00571 -8.39399 -10.8827 14.0687 
1.18143 -4.01405 -2.47673 4.86236 
-16.5731 28.0202 34.6749 47.5621 
# end
